<?xml version="1.0" encoding="UTF-8"?>
<!-- Generated by org.testng.reporters.JUnitReportReporter -->
<testsuite hostname="KT-PCLAP-050" failures="0" tests="4" name="testCases.EndToEndTestCase" time="46.197" errors="0" timestamp="11 Oct 2020 12:46:30 GMT" skipped="3">
  <testcase classname="testCases.EndToEndTestCase" name="verifyEnterVehicleDataTest" time="46.197"/>
  <testcase classname="testCases.EndToEndTestCase" name="verifyDropDownOptionsList">
    <skipped/>
  </testcase> <!-- verifyDropDownOptionsList -->
  <testcase classname="testCases.EndToEndTestCase" name="getTitle">
    <skipped/>
  </testcase> <!-- getTitle -->
  <testcase classname="testCases.EndToEndTestCase" name="insuranceCalculate_VolvoMotoro">
    <skipped/>
  </testcase> <!-- insuranceCalculate_VolvoMotoro -->
</testsuite> <!-- testCases.EndToEndTestCase -->
